C:\USERS\YAMAKAWA\DROPBOX\PROJECTS\ADOS\PICKGRID\PICKGRID\DEBUG\PICKGRID.PCH
C:\USERS\YAMAKAWA\DROPBOX\PROJECTS\ADOS\PICKGRID\PICKGRID\DEBUG\STDAFX.OBJ
C:\USERS\YAMAKAWA\DROPBOX\PROJECTS\ADOS\PICKGRID\PICKGRID\DEBUG\VC110.PDB
C:\USERS\YAMAKAWA\DROPBOX\PROJECTS\ADOS\PICKGRID\PICKGRID\DEBUG\MAINFRM.OBJ
C:\USERS\YAMAKAWA\DROPBOX\PROJECTS\ADOS\PICKGRID\PICKGRID\DEBUG\PICKGRID.OBJ
C:\USERS\YAMAKAWA\DROPBOX\PROJECTS\ADOS\PICKGRID\PICKGRID\DEBUG\PICKGRIDDOC.OBJ
C:\USERS\YAMAKAWA\DROPBOX\PROJECTS\ADOS\PICKGRID\PICKGRID\DEBUG\PICKGRIDVIEW.OBJ
C:\USERS\YAMAKAWA\DROPBOX\PROJECTS\ADOS\PICKGRID\PICKGRID\DEBUG\PICKGRID.RES
C:\Users\yamakawa\Dropbox\Projects\ADOS\PickGrid\PickGrid\Debug\MainFrm.obj
C:\Users\yamakawa\Dropbox\Projects\ADOS\PickGrid\PickGrid\Debug\PickGrid.obj
C:\Users\yamakawa\Dropbox\Projects\ADOS\PickGrid\PickGrid\Debug\PickGridDoc.obj
C:\Users\yamakawa\Dropbox\Projects\ADOS\PickGrid\PickGrid\Debug\PickGridView.obj
C:\Users\yamakawa\Dropbox\Projects\ADOS\PickGrid\PickGrid\Debug\stdafx.obj
C:\Users\yamakawa\Dropbox\Projects\ADOS\PickGrid\PickGrid\Debug\cl.command.1.tlog
C:\Users\yamakawa\Dropbox\Projects\ADOS\PickGrid\PickGrid\Debug\CL.read.1.tlog
C:\Users\yamakawa\Dropbox\Projects\ADOS\PickGrid\PickGrid\Debug\CL.write.1.tlog
C:\Users\yamakawa\Dropbox\Projects\ADOS\PickGrid\PickGrid\Debug\link-cvtres.read.1.tlog
C:\Users\yamakawa\Dropbox\Projects\ADOS\PickGrid\PickGrid\Debug\link-cvtres.write.1.tlog
C:\Users\yamakawa\Dropbox\Projects\ADOS\PickGrid\PickGrid\Debug\link-mt.read.1.tlog
C:\Users\yamakawa\Dropbox\Projects\ADOS\PickGrid\PickGrid\Debug\link-mt.write.1.tlog
C:\Users\yamakawa\Dropbox\Projects\ADOS\PickGrid\PickGrid\Debug\link-rc.read.1.tlog
C:\Users\yamakawa\Dropbox\Projects\ADOS\PickGrid\PickGrid\Debug\link-rc.write.1.tlog
C:\Users\yamakawa\Dropbox\Projects\ADOS\PickGrid\PickGrid\Debug\link.command.1.tlog
C:\Users\yamakawa\Dropbox\Projects\ADOS\PickGrid\PickGrid\Debug\link.read.1.tlog
C:\Users\yamakawa\Dropbox\Projects\ADOS\PickGrid\PickGrid\Debug\link.write.1.tlog
C:\Users\yamakawa\Dropbox\Projects\ADOS\PickGrid\PickGrid\Debug\rc.command.1.tlog
C:\Users\yamakawa\Dropbox\Projects\ADOS\PickGrid\PickGrid\Debug\rc.read.1.tlog
C:\Users\yamakawa\Dropbox\Projects\ADOS\PickGrid\PickGrid\Debug\rc.write.1.tlog
C:\Users\yamakawa\Dropbox\Projects\ADOS\PickGrid\PickGrid\Debug\PickGrid.res
C:\Users\yamakawa\Dropbox\Projects\ADOS\PickGrid\PickGrid\Debug\PickGrid.pch
C:\Users\yamakawa\Dropbox\Projects\ADOS\PickGrid\PickGrid\Debug\vc110.idb
C:\Users\yamakawa\Dropbox\Projects\ADOS\PickGrid\PickGrid\Debug\vc110.pdb
C:\Users\yamakawa\Dropbox\Projects\ADOS\PickGrid\Debug\PickGrid.pdb
C:\Users\yamakawa\Dropbox\Projects\ADOS\PickGrid\Debug\PickGrid.exe
C:\Users\yamakawa\Dropbox\Projects\ADOS\PickGrid\Debug\PickGrid.ilk
